2025-05-25 02:06:35,203 - image_processor - INFO -    Supported formats: .jpg, .jpeg, .png, .tif, .tiff, .bmp, .jfif, .webp, .jp2
2025-05-25 02:06:35,212 - wolffia_analyzer - INFO -    Pixel to micron ratio: 1.0
2025-05-25 02:06:35,212 - wolffia_analyzer - INFO -    Chlorophyll threshold: 0.6
2025-05-25 02:06:35,212 - wolffia_analyzer - INFO -    Cell area range: 30-8000 pixels
2025-05-25 02:07:22,583 - image_processor - INFO -    Supported formats: .jpg, .jpeg, .png, .tif, .tiff, .bmp, .jfif, .webp, .jp2
2025-05-25 02:07:22,591 - wolffia_analyzer - INFO -    Pixel to micron ratio: 1.0
2025-05-25 02:07:22,591 - wolffia_analyzer - INFO -    Chlorophyll threshold: 0.6
2025-05-25 02:07:22,591 - wolffia_analyzer - INFO -    Cell area range: 30-8000 pixels
2025-05-25 02:07:22,652 - werkzeug - INFO - [31m[1mWARNING: This is a development server. Do not use it in a production deployment. Use a production WSGI server instead.[0m
 * Running on all addresses (0.0.0.0)
 * Running on http://127.0.0.1:5000
 * Running on http://192.168.2.33:5000
2025-05-25 02:07:22,652 - werkzeug - INFO - [33mPress CTRL+C to quit[0m
2025-05-25 02:07:22,653 - werkzeug - INFO -  * Restarting with stat
2025-05-25 02:07:24,475 - image_processor - INFO -    Supported formats: .jpg, .jpeg, .png, .tif, .tiff, .bmp, .jfif, .webp, .jp2
2025-05-25 02:07:24,483 - wolffia_analyzer - INFO -    Pixel to micron ratio: 1.0
2025-05-25 02:07:24,483 - wolffia_analyzer - INFO -    Chlorophyll threshold: 0.6
2025-05-25 02:07:24,483 - wolffia_analyzer - INFO -    Cell area range: 30-8000 pixels
2025-05-25 02:07:24,526 - werkzeug - WARNING -  * Debugger is active!
2025-05-25 02:07:24,530 - werkzeug - INFO -  * Debugger PIN: 191-154-686
2025-05-25 02:07:31,321 - werkzeug - INFO - 127.0.0.1 - - [25/May/2025 02:07:31] "GET / HTTP/1.1" 200 -
2025-05-25 02:07:31,982 - werkzeug - INFO - 127.0.0.1 - - [25/May/2025 02:07:31] "[33mGET /.well-known/appspecific/com.chrome.devtools.json HTTP/1.1[0m" 404 -
2025-05-25 02:07:32,023 - werkzeug - INFO - 127.0.0.1 - - [25/May/2025 02:07:32] "GET /static/styles.css HTTP/1.1" 200 -
2025-05-25 02:07:32,384 - werkzeug - INFO - 127.0.0.1 - - [25/May/2025 02:07:32] "GET /static/main.js HTTP/1.1" 200 -
2025-05-25 02:07:33,135 - werkzeug - INFO - 127.0.0.1 - - [25/May/2025 02:07:33] "GET /health HTTP/1.1" 200 -
2025-05-25 02:08:59,794 - werkzeug - INFO -  * Detected change in 'C:\\Users\\Aun\\Desktop\\Projects\\biopyimage\\image_processor.py', reloading
2025-05-25 02:09:00,251 - werkzeug - INFO -  * Restarting with stat
2025-05-25 02:09:02,234 - image_processor - INFO -    Supported formats: .jpg, .jpeg, .png, .tif, .tiff, .bmp, .jfif, .webp, .jp2
2025-05-25 02:09:02,242 - wolffia_analyzer - INFO -    Pixel to micron ratio: 1.0
2025-05-25 02:09:02,242 - wolffia_analyzer - INFO -    Chlorophyll threshold: 0.6
2025-05-25 02:09:02,242 - wolffia_analyzer - INFO -    Cell area range: 30-8000 pixels
2025-05-25 02:09:02,284 - werkzeug - WARNING -  * Debugger is active!
2025-05-25 02:09:02,289 - werkzeug - INFO -  * Debugger PIN: 191-154-686
2025-05-25 02:09:21,244 - werkzeug - INFO - 127.0.0.1 - - [25/May/2025 02:09:21] "GET / HTTP/1.1" 200 -
2025-05-25 02:09:21,894 - werkzeug - INFO - 127.0.0.1 - - [25/May/2025 02:09:21] "[33mGET /.well-known/appspecific/com.chrome.devtools.json HTTP/1.1[0m" 404 -
2025-05-25 02:09:21,986 - werkzeug - INFO - 127.0.0.1 - - [25/May/2025 02:09:21] "GET /static/styles.css HTTP/1.1" 200 -
2025-05-25 02:09:22,346 - werkzeug - INFO - 127.0.0.1 - - [25/May/2025 02:09:22] "GET /static/main.js HTTP/1.1" 200 -
2025-05-25 02:09:23,106 - werkzeug - INFO - 127.0.0.1 - - [25/May/2025 02:09:23] "GET /health HTTP/1.1" 200 -
2025-05-25 02:14:45,419 - werkzeug - INFO - 127.0.0.1 - - [25/May/2025 02:14:45] "[33mGET /.well-known/appspecific/com.chrome.devtools.json HTTP/1.1[0m" 404 -
2025-05-25 02:14:45,422 - werkzeug - INFO - 127.0.0.1 - - [25/May/2025 02:14:45] "[36mGET /static/styles.css HTTP/1.1[0m" 304 -
2025-05-25 02:15:17,842 - werkzeug - INFO -  * Detected change in 'C:\\Users\\Aun\\Desktop\\Projects\\biopyimage\\image_processor.py', reloading
2025-05-25 02:15:18,515 - werkzeug - INFO -  * Restarting with stat
2025-05-25 02:15:20,469 - werkzeug - WARNING -  * Debugger is active!
2025-05-25 02:15:20,474 - werkzeug - INFO -  * Debugger PIN: 191-154-686
2025-05-25 02:15:38,455 - werkzeug - INFO -  * Detected change in 'C:\\Users\\Aun\\Desktop\\Projects\\biopyimage\\app.py', reloading
2025-05-25 02:15:38,656 - werkzeug - INFO -  * Restarting with stat
2025-05-25 02:15:40,307 - werkzeug - WARNING -  * Debugger is active!
2025-05-25 02:15:40,312 - werkzeug - INFO -  * Debugger PIN: 191-154-686
2025-05-25 02:15:44,768 - werkzeug - INFO -  * Detected change in 'C:\\Users\\Aun\\Desktop\\Projects\\biopyimage\\image_processor.py', reloading
2025-05-25 02:15:44,949 - werkzeug - INFO -  * Restarting with stat
2025-05-25 02:15:46,977 - image_processor - INFO -    Supported formats: .jpg, .jpeg, .png, .tif, .tiff, .bmp, .jfif, .webp, .jp2
2025-05-25 02:15:46,987 - wolffia_analyzer - INFO -    Pixel to micron ratio: 1.0
2025-05-25 02:15:46,988 - wolffia_analyzer - INFO -    Chlorophyll threshold: 0.6
2025-05-25 02:15:46,988 - wolffia_analyzer - INFO -    Cell area range: 30-8000 pixels
2025-05-25 02:15:47,037 - werkzeug - WARNING -  * Debugger is active!
2025-05-25 02:15:47,041 - werkzeug - INFO -  * Debugger PIN: 191-154-686
2025-05-25 02:16:12,501 - werkzeug - INFO -  * Detected change in 'C:\\Users\\Aun\\Desktop\\Projects\\biopyimage\\image_processor.py', reloading
2025-05-25 02:16:12,818 - werkzeug - INFO -  * Restarting with stat
2025-05-25 02:16:15,083 - image_processor - INFO -    Supported formats: .jpg, .jpeg, .png, .tif, .tiff, .bmp, .jfif, .webp, .jp2
2025-05-25 02:16:15,094 - wolffia_analyzer - INFO -    Pixel to micron ratio: 1.0
2025-05-25 02:16:15,094 - wolffia_analyzer - INFO -    Chlorophyll threshold: 0.6
2025-05-25 02:16:15,094 - wolffia_analyzer - INFO -    Cell area range: 30-8000 pixels
2025-05-25 02:16:15,143 - werkzeug - WARNING -  * Debugger is active!
2025-05-25 02:16:15,147 - werkzeug - INFO -  * Debugger PIN: 191-154-686
2025-05-25 13:30:36,011 - wolffia_analyzer - INFO -    Pixel to micron ratio: 1.0
2025-05-25 13:30:36,011 - wolffia_analyzer - INFO -    Chlorophyll threshold: 0.6
2025-05-25 13:30:36,012 - wolffia_analyzer - INFO -    Cell area range: 30-8000 pixels
2025-05-25 14:32:38,914 - image_processor - INFO -    Supported formats: .jpg, .jpeg, .png, .tif, .tiff, .bmp, .jfif, .webp, .jp2
2025-05-25 14:32:38,922 - segmentation - INFO -    Cell size range: 30-8000 pixels
2025-05-25 14:32:38,922 - segmentation - INFO -    Quality threshold: 0.6
2025-05-25 14:32:38,933 - wolffia_analyzer - INFO -    Pixel to micron ratio: 1.0
2025-05-25 14:32:38,933 - wolffia_analyzer - INFO -    Chlorophyll threshold: 0.6
2025-05-25 14:32:38,934 - wolffia_analyzer - INFO -    Cell area range: 30-8000 pixels
2025-05-25 14:32:39,832 - werkzeug - INFO - [31m[1mWARNING: This is a development server. Do not use it in a production deployment. Use a production WSGI server instead.[0m
 * Running on all addresses (0.0.0.0)
 * Running on http://127.0.0.1:5000
 * Running on http://192.168.2.33:5000
2025-05-25 14:32:39,833 - werkzeug - INFO - [33mPress CTRL+C to quit[0m
2025-05-25 14:32:39,842 - werkzeug - INFO -  * Restarting with stat
2025-05-25 14:32:41,751 - image_processor - INFO -    Supported formats: .jpg, .jpeg, .png, .tif, .tiff, .bmp, .jfif, .webp, .jp2
2025-05-25 14:32:41,756 - segmentation - INFO -    Cell size range: 30-8000 pixels
2025-05-25 14:32:41,757 - segmentation - INFO -    Quality threshold: 0.6
2025-05-25 14:32:41,763 - wolffia_analyzer - INFO -    Pixel to micron ratio: 1.0
2025-05-25 14:32:41,763 - wolffia_analyzer - INFO -    Chlorophyll threshold: 0.6
2025-05-25 14:32:41,764 - wolffia_analyzer - INFO -    Cell area range: 30-8000 pixels
2025-05-25 14:32:41,787 - werkzeug - WARNING -  * Debugger is active!
2025-05-25 14:32:41,792 - werkzeug - INFO -  * Debugger PIN: 191-154-686
2025-05-25 14:34:00,294 - werkzeug - INFO -  * Detected change in 'C:\\Users\\Aun\\Desktop\\Projects\\biopyimage\\app.py', reloading
2025-05-25 14:34:00,452 - werkzeug - INFO -  * Restarting with stat
2025-05-25 14:34:02,277 - image_processor - INFO -    Supported formats: .jpg, .jpeg, .png, .tif, .tiff, .bmp, .jfif, .webp, .jp2
2025-05-25 14:34:02,283 - segmentation - INFO -    Cell size range: 30-8000 pixels
2025-05-25 14:34:02,284 - segmentation - INFO -    Quality threshold: 0.6
2025-05-25 14:34:02,290 - wolffia_analyzer - INFO -    Pixel to micron ratio: 1.0
2025-05-25 14:34:02,290 - wolffia_analyzer - INFO -    Chlorophyll threshold: 0.6
2025-05-25 14:34:02,291 - wolffia_analyzer - INFO -    Cell area range: 30-8000 pixels
2025-05-25 14:34:02,313 - werkzeug - WARNING -  * Debugger is active!
2025-05-25 14:34:02,318 - werkzeug - INFO -  * Debugger PIN: 191-154-686
2025-05-25 14:56:44,087 - image_processor - INFO -    Supported formats: .jpg, .jpeg, .png, .tif, .tiff, .bmp, .jfif, .webp, .jp2
2025-05-25 14:56:44,103 - segmentation - INFO -    Cell size range: 30-8000 pixels
2025-05-25 14:56:44,103 - segmentation - INFO -    Quality threshold: 0.6
2025-05-25 14:56:44,120 - wolffia_analyzer - INFO -    Pixel to micron ratio: 1.0
2025-05-25 14:56:44,120 - wolffia_analyzer - INFO -    Chlorophyll threshold: 0.6
2025-05-25 14:56:44,120 - wolffia_analyzer - INFO -    Cell area range: 30-8000 pixels
2025-05-25 14:56:45,131 - werkzeug - INFO - [31m[1mWARNING: This is a development server. Do not use it in a production deployment. Use a production WSGI server instead.[0m
 * Running on all addresses (0.0.0.0)
 * Running on http://127.0.0.1:5000
 * Running on http://192.168.2.33:5000
2025-05-25 14:56:45,132 - werkzeug - INFO - [33mPress CTRL+C to quit[0m
2025-05-25 14:56:45,133 - werkzeug - INFO -  * Restarting with stat
2025-05-25 14:56:47,045 - image_processor - INFO -    Supported formats: .jpg, .jpeg, .png, .tif, .tiff, .bmp, .jfif, .webp, .jp2
2025-05-25 14:56:47,051 - segmentation - INFO -    Cell size range: 30-8000 pixels
2025-05-25 14:56:47,051 - segmentation - INFO -    Quality threshold: 0.6
2025-05-25 14:56:47,059 - wolffia_analyzer - INFO -    Pixel to micron ratio: 1.0
2025-05-25 14:56:47,059 - wolffia_analyzer - INFO -    Chlorophyll threshold: 0.6
2025-05-25 14:56:47,059 - wolffia_analyzer - INFO -    Cell area range: 30-8000 pixels
2025-05-25 14:56:47,149 - werkzeug - WARNING -  * Debugger is active!
2025-05-25 14:56:47,154 - werkzeug - INFO -  * Debugger PIN: 191-154-686
2025-05-25 14:58:38,096 - werkzeug - INFO -  * Detected change in 'C:\\Users\\Aun\\Desktop\\Projects\\biopyimage\\app.py', reloading
2025-05-25 14:58:38,286 - werkzeug - INFO -  * Restarting with stat
2025-05-25 14:58:40,299 - image_processor - INFO -    Supported formats: .jpg, .jpeg, .png, .tif, .tiff, .bmp, .jfif, .webp, .jp2
2025-05-25 14:58:40,305 - segmentation - INFO -    Cell size range: 30-8000 pixels
2025-05-25 14:58:40,305 - segmentation - INFO -    Quality threshold: 0.6
2025-05-25 14:58:40,313 - wolffia_analyzer - INFO -    Pixel to micron ratio: 1.0
2025-05-25 14:58:40,313 - wolffia_analyzer - INFO -    Chlorophyll threshold: 0.6
2025-05-25 14:58:40,313 - wolffia_analyzer - INFO -    Cell area range: 30-8000 pixels
2025-05-25 14:58:40,425 - werkzeug - WARNING -  * Debugger is active!
2025-05-25 14:58:40,431 - werkzeug - INFO -  * Debugger PIN: 191-154-686
2025-05-25 14:58:44,433 - werkzeug - INFO -  * Detected change in 'C:\\Users\\Aun\\Desktop\\Projects\\biopyimage\\app.py', reloading
2025-05-25 14:58:44,619 - werkzeug - INFO -  * Restarting with stat
2025-05-25 14:58:46,630 - image_processor - INFO -    Supported formats: .jpg, .jpeg, .png, .tif, .tiff, .bmp, .jfif, .webp, .jp2
2025-05-25 14:58:46,637 - segmentation - INFO -    Cell size range: 30-8000 pixels
2025-05-25 14:58:46,637 - segmentation - INFO -    Quality threshold: 0.6
2025-05-25 14:58:46,645 - wolffia_analyzer - INFO -    Pixel to micron ratio: 1.0
2025-05-25 14:58:46,645 - wolffia_analyzer - INFO -    Chlorophyll threshold: 0.6
2025-05-25 14:58:46,645 - wolffia_analyzer - INFO -    Cell area range: 30-8000 pixels
2025-05-25 14:58:46,742 - werkzeug - WARNING -  * Debugger is active!
2025-05-25 14:58:46,747 - werkzeug - INFO -  * Debugger PIN: 191-154-686
2025-05-25 14:58:57,668 - werkzeug - INFO -  * Detected change in 'C:\\Users\\Aun\\Desktop\\Projects\\biopyimage\\app.py', reloading
2025-05-25 14:58:57,848 - werkzeug - INFO -  * Restarting with stat
2025-05-25 14:58:59,877 - image_processor - INFO -    Supported formats: .jpg, .jpeg, .png, .tif, .tiff, .bmp, .jfif, .webp, .jp2
2025-05-25 14:58:59,884 - segmentation - INFO -    Cell size range: 30-8000 pixels
2025-05-25 14:58:59,884 - segmentation - INFO -    Quality threshold: 0.6
2025-05-25 14:58:59,892 - wolffia_analyzer - INFO -    Pixel to micron ratio: 1.0
2025-05-25 14:58:59,892 - wolffia_analyzer - INFO -    Chlorophyll threshold: 0.6
2025-05-25 14:58:59,892 - wolffia_analyzer - INFO -    Cell area range: 30-8000 pixels
2025-05-25 14:58:59,990 - werkzeug - WARNING -  * Debugger is active!
2025-05-25 14:58:59,996 - werkzeug - INFO -  * Debugger PIN: 191-154-686
2025-05-25 14:59:30,452 - werkzeug - INFO -  * Detected change in 'C:\\Users\\Aun\\Desktop\\Projects\\biopyimage\\app.py', reloading
2025-05-25 14:59:30,635 - werkzeug - INFO -  * Restarting with stat
2025-05-25 14:59:32,598 - image_processor - INFO -    Supported formats: .jpg, .jpeg, .png, .tif, .tiff, .bmp, .jfif, .webp, .jp2
2025-05-25 14:59:32,603 - segmentation - INFO -    Cell size range: 30-8000 pixels
2025-05-25 14:59:32,604 - segmentation - INFO -    Quality threshold: 0.6
2025-05-25 14:59:32,611 - wolffia_analyzer - INFO -    Pixel to micron ratio: 1.0
2025-05-25 14:59:32,612 - wolffia_analyzer - INFO -    Chlorophyll threshold: 0.6
2025-05-25 14:59:32,612 - wolffia_analyzer - INFO -    Cell area range: 30-8000 pixels
2025-05-25 14:59:32,708 - werkzeug - WARNING -  * Debugger is active!
2025-05-25 14:59:32,713 - werkzeug - INFO -  * Debugger PIN: 191-154-686
2025-05-25 15:19:34,322 - werkzeug - INFO -  * Detected change in 'C:\\Users\\Aun\\Desktop\\Projects\\biopyimage\\app.py', reloading
2025-05-25 15:19:34,508 - werkzeug - INFO -  * Restarting with stat
2025-05-25 15:19:36,751 - image_processor - INFO -    Supported formats: .jpg, .jpeg, .png, .tif, .tiff, .bmp, .jfif, .webp, .jp2
2025-05-25 15:19:36,757 - segmentation - INFO -    Cell size range: 30-8000 pixels
2025-05-25 15:19:36,757 - segmentation - INFO -    Quality threshold: 0.6
2025-05-25 15:19:36,765 - wolffia_analyzer - INFO -    Pixel to micron ratio: 1.0
2025-05-25 15:19:36,765 - wolffia_analyzer - INFO -    Chlorophyll threshold: 0.6
2025-05-25 15:19:36,765 - wolffia_analyzer - INFO -    Cell area range: 30-8000 pixels
2025-05-25 15:19:36,891 - werkzeug - WARNING -  * Debugger is active!
2025-05-25 15:19:36,896 - werkzeug - INFO -  * Debugger PIN: 191-154-686
2025-05-25 15:19:41,023 - werkzeug - INFO -  * Detected change in 'C:\\Users\\Aun\\Desktop\\Projects\\biopyimage\\app.py', reloading
2025-05-25 15:19:41,208 - werkzeug - INFO -  * Restarting with stat
2025-05-25 15:19:43,261 - image_processor - INFO -    Supported formats: .jpg, .jpeg, .png, .tif, .tiff, .bmp, .jfif, .webp, .jp2
2025-05-25 15:19:43,267 - segmentation - INFO -    Cell size range: 30-8000 pixels
2025-05-25 15:19:43,267 - segmentation - INFO -    Quality threshold: 0.6
2025-05-25 15:19:43,275 - wolffia_analyzer - INFO -    Pixel to micron ratio: 1.0
2025-05-25 15:19:43,275 - wolffia_analyzer - INFO -    Chlorophyll threshold: 0.6
2025-05-25 15:19:43,275 - wolffia_analyzer - INFO -    Cell area range: 30-8000 pixels
2025-05-25 15:19:43,373 - werkzeug - WARNING -  * Debugger is active!
2025-05-25 15:19:43,378 - werkzeug - INFO -  * Debugger PIN: 191-154-686
2025-05-25 15:19:50,279 - werkzeug - INFO -  * Detected change in 'C:\\Users\\Aun\\Desktop\\Projects\\biopyimage\\app.py', reloading
2025-05-25 15:19:50,451 - werkzeug - INFO -  * Restarting with stat
2025-05-25 15:19:52,502 - image_processor - INFO -    Supported formats: .jpg, .jpeg, .png, .tif, .tiff, .bmp, .jfif, .webp, .jp2
2025-05-25 15:19:52,508 - segmentation - INFO -    Cell size range: 30-8000 pixels
2025-05-25 15:19:52,508 - segmentation - INFO -    Quality threshold: 0.6
2025-05-25 15:19:52,523 - wolffia_analyzer - INFO -    Pixel to micron ratio: 1.0
2025-05-25 15:19:52,523 - wolffia_analyzer - INFO -    Chlorophyll threshold: 0.6
2025-05-25 15:19:52,524 - wolffia_analyzer - INFO -    Cell area range: 30-8000 pixels
2025-05-25 15:19:52,644 - werkzeug - WARNING -  * Debugger is active!
2025-05-25 15:19:52,649 - werkzeug - INFO -  * Debugger PIN: 191-154-686
2025-05-25 15:20:03,502 - werkzeug - INFO -  * Detected change in 'C:\\Users\\Aun\\Desktop\\Projects\\biopyimage\\app.py', reloading
2025-05-25 15:20:03,675 - werkzeug - INFO -  * Restarting with stat
2025-05-25 15:20:05,692 - image_processor - INFO -    Supported formats: .jpg, .jpeg, .png, .tif, .tiff, .bmp, .jfif, .webp, .jp2
2025-05-25 15:20:05,698 - segmentation - INFO -    Cell size range: 30-8000 pixels
2025-05-25 15:20:05,698 - segmentation - INFO -    Quality threshold: 0.6
2025-05-25 15:20:05,706 - wolffia_analyzer - INFO -    Pixel to micron ratio: 1.0
2025-05-25 15:20:05,706 - wolffia_analyzer - INFO -    Chlorophyll threshold: 0.6
2025-05-25 15:20:05,706 - wolffia_analyzer - INFO -    Cell area range: 30-8000 pixels
2025-05-25 15:20:05,805 - werkzeug - WARNING -  * Debugger is active!
2025-05-25 15:20:05,809 - werkzeug - INFO -  * Debugger PIN: 191-154-686
2025-05-25 15:20:23,359 - werkzeug - INFO -  * Detected change in 'C:\\Users\\Aun\\Desktop\\Projects\\biopyimage\\app.py', reloading
2025-05-25 15:20:23,529 - werkzeug - INFO -  * Restarting with stat
2025-05-25 15:20:25,468 - image_processor - INFO -    Supported formats: .jpg, .jpeg, .png, .tif, .tiff, .bmp, .jfif, .webp, .jp2
2025-05-25 15:20:25,474 - segmentation - INFO -    Cell size range: 30-8000 pixels
2025-05-25 15:20:25,474 - segmentation - INFO -    Quality threshold: 0.6
2025-05-25 15:20:25,481 - wolffia_analyzer - INFO -    Pixel to micron ratio: 1.0
2025-05-25 15:20:25,482 - wolffia_analyzer - INFO -    Chlorophyll threshold: 0.6
2025-05-25 15:20:25,482 - wolffia_analyzer - INFO -    Cell area range: 30-8000 pixels
2025-05-25 15:20:39,423 - image_processor - INFO -    Supported formats: .jpg, .jpeg, .png, .tif, .tiff, .bmp, .jfif, .webp, .jp2
2025-05-25 15:20:39,429 - segmentation - INFO -    Cell size range: 30-8000 pixels
2025-05-25 15:20:39,429 - segmentation - INFO -    Quality threshold: 0.6
2025-05-25 15:20:39,436 - wolffia_analyzer - INFO -    Pixel to micron ratio: 1.0
2025-05-25 15:20:39,436 - wolffia_analyzer - INFO -    Chlorophyll threshold: 0.6
2025-05-25 15:20:39,436 - wolffia_analyzer - INFO -    Cell area range: 30-8000 pixels
2025-05-25 15:20:40,383 - werkzeug - INFO - [31m[1mWARNING: This is a development server. Do not use it in a production deployment. Use a production WSGI server instead.[0m
 * Running on all addresses (0.0.0.0)
 * Running on http://127.0.0.1:5000
 * Running on http://192.168.2.33:5000
2025-05-25 15:20:40,384 - werkzeug - INFO - [33mPress CTRL+C to quit[0m
2025-05-25 15:20:40,385 - werkzeug - INFO -  * Restarting with stat
2025-05-25 15:20:42,289 - image_processor - INFO -    Supported formats: .jpg, .jpeg, .png, .tif, .tiff, .bmp, .jfif, .webp, .jp2
2025-05-25 15:20:42,295 - segmentation - INFO -    Cell size range: 30-8000 pixels
2025-05-25 15:20:42,295 - segmentation - INFO -    Quality threshold: 0.6
2025-05-25 15:20:42,302 - wolffia_analyzer - INFO -    Pixel to micron ratio: 1.0
2025-05-25 15:20:42,302 - wolffia_analyzer - INFO -    Chlorophyll threshold: 0.6
2025-05-25 15:20:42,303 - wolffia_analyzer - INFO -    Cell area range: 30-8000 pixels
2025-05-25 15:20:42,397 - werkzeug - WARNING -  * Debugger is active!
2025-05-25 15:20:42,402 - werkzeug - INFO -  * Debugger PIN: 191-154-686
2025-05-25 15:21:02,065 - werkzeug - INFO -  * Detected change in 'C:\\Users\\Aun\\Desktop\\Projects\\biopyimage\\app.py', reloading
2025-05-25 15:21:02,242 - werkzeug - INFO -  * Restarting with stat
2025-05-25 15:21:04,153 - image_processor - INFO -    Supported formats: .jpg, .jpeg, .png, .tif, .tiff, .bmp, .jfif, .webp, .jp2
2025-05-25 15:21:04,159 - segmentation - INFO -    Cell size range: 30-8000 pixels
2025-05-25 15:21:04,159 - segmentation - INFO -    Quality threshold: 0.6
2025-05-25 15:21:04,166 - wolffia_analyzer - INFO -    Pixel to micron ratio: 1.0
2025-05-25 15:21:04,166 - wolffia_analyzer - INFO -    Chlorophyll threshold: 0.6
2025-05-25 15:21:04,166 - wolffia_analyzer - INFO -    Cell area range: 30-8000 pixels
2025-05-25 15:21:04,261 - werkzeug - WARNING -  * Debugger is active!
2025-05-25 15:21:04,266 - werkzeug - INFO -  * Debugger PIN: 191-154-686
2025-05-25 15:21:49,467 - werkzeug - INFO - 127.0.0.1 - - [25/May/2025 15:21:49] "GET / HTTP/1.1" 200 -
2025-05-25 15:21:49,534 - werkzeug - INFO - 127.0.0.1 - - [25/May/2025 15:21:49] "[33mGET /.well-known/appspecific/com.chrome.devtools.json HTTP/1.1[0m" 404 -
2025-05-25 15:21:49,599 - werkzeug - INFO - 127.0.0.1 - - [25/May/2025 15:21:49] "GET /static/styles.css HTTP/1.1" 200 -
2025-05-25 15:21:49,629 - werkzeug - INFO - 127.0.0.1 - - [25/May/2025 15:21:49] "GET /static/main.js HTTP/1.1" 200 -
2025-05-25 15:21:50,012 - werkzeug - INFO - 127.0.0.1 - - [25/May/2025 15:21:50] "[35m[1mGET /system/status HTTP/1.1[0m" 500 -
2025-05-25 15:22:02,069 - werkzeug - INFO - 127.0.0.1 - - [25/May/2025 15:22:02] "[35m[1mPOST /analyze HTTP/1.1[0m" 500 -
2025-05-25 15:22:17,002 - werkzeug - INFO -  * Detected change in 'C:\\Users\\Aun\\Desktop\\Projects\\biopyimage\\app.py', reloading
2025-05-25 15:22:17,203 - werkzeug - INFO -  * Restarting with stat
2025-05-25 15:22:19,187 - image_processor - INFO -    Supported formats: .jpg, .jpeg, .png, .tif, .tiff, .bmp, .jfif, .webp, .jp2
2025-05-25 15:22:19,194 - segmentation - INFO -    Cell size range: 30-8000 pixels
2025-05-25 15:22:19,194 - segmentation - INFO -    Quality threshold: 0.6
2025-05-25 15:22:19,201 - wolffia_analyzer - INFO -    Pixel to micron ratio: 1.0
2025-05-25 15:22:19,201 - wolffia_analyzer - INFO -    Chlorophyll threshold: 0.6
2025-05-25 15:22:19,201 - wolffia_analyzer - INFO -    Cell area range: 30-8000 pixels
2025-05-25 15:22:19,227 - werkzeug - WARNING -  * Debugger is active!
2025-05-25 15:22:19,233 - werkzeug - INFO -  * Debugger PIN: 191-154-686
2025-05-25 15:22:23,652 - werkzeug - INFO - 127.0.0.1 - - [25/May/2025 15:22:23] "GET / HTTP/1.1" 200 -
2025-05-25 15:22:23,697 - werkzeug - INFO - 127.0.0.1 - - [25/May/2025 15:22:23] "[33mGET /.well-known/appspecific/com.chrome.devtools.json HTTP/1.1[0m" 404 -
2025-05-25 15:22:23,788 - werkzeug - INFO - 127.0.0.1 - - [25/May/2025 15:22:23] "GET /static/styles.css HTTP/1.1" 200 -
2025-05-25 15:22:23,808 - werkzeug - INFO - 127.0.0.1 - - [25/May/2025 15:22:23] "GET /static/main.js HTTP/1.1" 200 -
2025-05-25 15:22:24,171 - werkzeug - INFO - 127.0.0.1 - - [25/May/2025 15:22:24] "GET /system/status HTTP/1.1" 200 -
